{"C:\\Users\\teren\\Desktop\\ADOT_TEST_TECHNIQUE\\src\\services\\InterestPointService.ts": {"path":"C:\\Users\\teren\\Desktop\\ADOT_TEST_TECHNIQUE\\src\\services\\InterestPointService.ts","statementMap":{"0":{"start":{"line":1,"column":0},"end":{"line":1,"column":35}},"1":{"start":{"line":2,"column":0},"end":{"line":2,"column":24}},"2":{"start":{"line":3,"column":0},"end":{"line":3,"column":20}},"3":{"start":{"line":9,"column":34},"end":{"line":9,"column":36}},"4":{"start":{"line":10,"column":2},"end":{"line":20,"column":5}},"5":{"start":{"line":11,"column":3},"end":{"line":19,"column":7}},"6":{"start":{"line":13,"column":31},"end":{"line":13,"column":53}},"7":{"start":{"line":15,"column":5},"end":{"line":15,"column":22}},"8":{"start":{"line":18,"column":5},"end":{"line":18,"column":26}},"9":{"start":{"line":24,"column":2},"end":{"line":45,"column":null}},"10":{"start":{"line":25,"column":3},"end":{"line":25,"column":12}},"11":{"start":{"line":27,"column":17},"end":{"line":27,"column":39}},"12":{"start":{"line":28,"column":17},"end":{"line":28,"column":39}},"13":{"start":{"line":29,"column":15},"end":{"line":29,"column":26}},"14":{"start":{"line":30,"column":18},"end":{"line":30,"column":41}},"15":{"start":{"line":31,"column":14},"end":{"line":31,"column":112}},"16":{"start":{"line":32,"column":3},"end":{"line":34,"column":null}},"17":{"start":{"line":33,"column":4},"end":{"line":33,"column":13}},"18":{"start":{"line":35,"column":3},"end":{"line":35,"column":26}},"19":{"start":{"line":36,"column":3},"end":{"line":36,"column":33}},"20":{"start":{"line":37,"column":3},"end":{"line":37,"column":29}},"21":{"start":{"line":38,"column":3},"end":{"line":40,"column":null}},"22":{"start":{"line":39,"column":4},"end":{"line":39,"column":27}},"23":{"start":{"line":41,"column":3},"end":{"line":43,"column":null}},"24":{"start":{"line":42,"column":4},"end":{"line":42,"column":25}},"25":{"start":{"line":44,"column":3},"end":{"line":44,"column":15}},"26":{"start":{"line":49,"column":20},"end":{"line":49,"column":21}},"27":{"start":{"line":50,"column":22},"end":{"line":50,"column":23}},"28":{"start":{"line":51,"column":17},"end":{"line":51,"column":18}},"29":{"start":{"line":52,"column":15},"end":{"line":52,"column":16}},"30":{"start":{"line":54,"column":2},"end":{"line":60,"column":5}},"31":{"start":{"line":55,"column":3},"end":{"line":59,"column":null}},"32":{"start":{"line":56,"column":4},"end":{"line":56,"column":108}},"33":{"start":{"line":58,"column":4},"end":{"line":58,"column":105}},"34":{"start":{"line":61,"column":2},"end":{"line":72,"column":4}},"35":{"start":{"line":76,"column":2},"end":{"line":86,"column":null}},"36":{"start":{"line":80,"column":3},"end":{"line":80,"column":17}},"37":{"start":{"line":81,"column":9},"end":{"line":86,"column":null}},"38":{"start":{"line":85,"column":3},"end":{"line":85,"column":12}},"39":{"start":{"line":87,"column":2},"end":{"line":87,"column":52}},"40":{"start":{"line":88,"column":2},"end":{"line":88,"column":33}},"41":{"start":{"line":92,"column":2},"end":{"line":102,"column":null}},"42":{"start":{"line":96,"column":3},"end":{"line":96,"column":19}},"43":{"start":{"line":97,"column":9},"end":{"line":102,"column":null}},"44":{"start":{"line":101,"column":3},"end":{"line":101,"column":14}},"45":{"start":{"line":103,"column":2},"end":{"line":103,"column":58}},"46":{"start":{"line":104,"column":2},"end":{"line":104,"column":37}},"47":{"start":{"line":7,"column":0},"end":{"line":7,"column":13}}},"fnMap":{"0":{"name":"(anonymous_1)","decl":{"start":{"line":8,"column":1},"end":{"line":8,"column":7}},"loc":{"start":{"line":8,"column":18},"end":{"line":21,"column":2}}},"1":{"name":"(anonymous_2)","decl":{"start":{"line":10,"column":21},"end":{"line":10,"column":22}},"loc":{"start":{"line":10,"column":41},"end":{"line":20,"column":3}}},"2":{"name":"(anonymous_3)","decl":{"start":{"line":13,"column":16},"end":{"line":13,"column":17}},"loc":{"start":{"line":13,"column":31},"end":{"line":13,"column":53}}},"3":{"name":"(anonymous_4)","decl":{"start":{"line":14,"column":17},"end":{"line":14,"column":18}},"loc":{"start":{"line":14,"column":25},"end":{"line":16,"column":5}}},"4":{"name":"(anonymous_5)","decl":{"start":{"line":17,"column":15},"end":{"line":17,"column":18}},"loc":{"start":{"line":17,"column":20},"end":{"line":19,"column":5}}},"5":{"name":"(anonymous_6)","decl":{"start":{"line":23,"column":1},"end":{"line":23,"column":7}},"loc":{"start":{"line":23,"column":111},"end":{"line":46,"column":2}}},"6":{"name":"(anonymous_7)","decl":{"start":{"line":48,"column":1},"end":{"line":48,"column":7}},"loc":{"start":{"line":48,"column":33},"end":{"line":73,"column":2}}},"7":{"name":"(anonymous_8)","decl":{"start":{"line":54,"column":25},"end":{"line":54,"column":26}},"loc":{"start":{"line":54,"column":35},"end":{"line":60,"column":3}}},"8":{"name":"(anonymous_9)","decl":{"start":{"line":75,"column":1},"end":{"line":75,"column":7}},"loc":{"start":{"line":75,"column":79},"end":{"line":89,"column":2}}},"9":{"name":"(anonymous_10)","decl":{"start":{"line":91,"column":1},"end":{"line":91,"column":7}},"loc":{"start":{"line":91,"column":78},"end":{"line":105,"column":2}}}},"branchMap":{"0":{"loc":{"start":{"line":24,"column":2},"end":{"line":45,"column":null}},"type":"if","locations":[{"start":{"line":24,"column":2},"end":{"line":45,"column":null}},{"start":{"line":26,"column":9},"end":{"line":45,"column":null}}]},"1":{"loc":{"start":{"line":24,"column":6},"end":{"line":24,"column":34}},"type":"binary-expr","locations":[{"start":{"line":24,"column":6},"end":{"line":24,"column":18}},{"start":{"line":24,"column":22},"end":{"line":24,"column":34}}]},"2":{"loc":{"start":{"line":32,"column":3},"end":{"line":34,"column":null}},"type":"if","locations":[{"start":{"line":32,"column":3},"end":{"line":34,"column":null}}]},"3":{"loc":{"start":{"line":38,"column":3},"end":{"line":40,"column":null}},"type":"if","locations":[{"start":{"line":38,"column":3},"end":{"line":40,"column":null}}]},"4":{"loc":{"start":{"line":41,"column":3},"end":{"line":43,"column":null}},"type":"if","locations":[{"start":{"line":41,"column":3},"end":{"line":43,"column":null}}]},"5":{"loc":{"start":{"line":76,"column":2},"end":{"line":86,"column":null}},"type":"if","locations":[{"start":{"line":76,"column":2},"end":{"line":86,"column":null}},{"start":{"line":81,"column":9},"end":{"line":86,"column":null}}]},"6":{"loc":{"start":{"line":77,"column":3},"end":{"line":78,"column":28}},"type":"binary-expr","locations":[{"start":{"line":77,"column":3},"end":{"line":77,"column":174}},{"start":{"line":78,"column":3},"end":{"line":78,"column":28}}]},"7":{"loc":{"start":{"line":81,"column":9},"end":{"line":86,"column":null}},"type":"if","locations":[{"start":{"line":81,"column":9},"end":{"line":86,"column":null}}]},"8":{"loc":{"start":{"line":82,"column":3},"end":{"line":83,"column":28}},"type":"binary-expr","locations":[{"start":{"line":82,"column":3},"end":{"line":82,"column":174}},{"start":{"line":83,"column":3},"end":{"line":83,"column":28}}]},"9":{"loc":{"start":{"line":92,"column":2},"end":{"line":102,"column":null}},"type":"if","locations":[{"start":{"line":92,"column":2},"end":{"line":102,"column":null}},{"start":{"line":97,"column":9},"end":{"line":102,"column":null}}]},"10":{"loc":{"start":{"line":93,"column":3},"end":{"line":94,"column":30}},"type":"binary-expr","locations":[{"start":{"line":93,"column":3},"end":{"line":93,"column":174}},{"start":{"line":94,"column":3},"end":{"line":94,"column":30}}]},"11":{"loc":{"start":{"line":97,"column":9},"end":{"line":102,"column":null}},"type":"if","locations":[{"start":{"line":97,"column":9},"end":{"line":102,"column":null}}]},"12":{"loc":{"start":{"line":98,"column":3},"end":{"line":99,"column":30}},"type":"binary-expr","locations":[{"start":{"line":98,"column":3},"end":{"line":98,"column":174}},{"start":{"line":99,"column":3},"end":{"line":99,"column":30}}]}},"s":{"0":1,"1":1,"2":1,"3":0,"4":0,"5":0,"6":0,"7":0,"8":0,"9":4,"10":0,"11":4,"12":4,"13":4,"14":4,"15":4,"16":4,"17":0,"18":4,"19":4,"20":4,"21":4,"22":4,"23":4,"24":0,"25":4,"26":0,"27":0,"28":0,"29":0,"30":0,"31":0,"32":0,"33":0,"34":0,"35":1,"36":0,"37":1,"38":1,"39":1,"40":1,"41":0,"42":0,"43":0,"44":0,"45":0,"46":0,"47":1},"f":{"0":0,"1":0,"2":0,"3":0,"4":0,"5":4,"6":0,"7":0,"8":1,"9":0},"b":{"0":[0,4],"1":[4,0],"2":[0],"3":[4],"4":[0],"5":[0,1],"6":[1,0],"7":[1],"8":[1,1],"9":[0,0],"10":[0,0],"11":[0],"12":[0,0]}}
,"C:\\Users\\teren\\Desktop\\ADOT_TEST_TECHNIQUE\\src\\tests\\mock\\data-mock.ts": {"path":"C:\\Users\\teren\\Desktop\\ADOT_TEST_TECHNIQUE\\src\\tests\\mock\\data-mock.ts","statementMap":{"0":{"start":{"line":5,"column":2},"end":{"line":20,"column":4}},"1":{"start":{"line":24,"column":2},"end":{"line":35,"column":4}},"2":{"start":{"line":39,"column":2},"end":{"line":43,"column":4}},"3":{"start":{"line":3,"column":0},"end":{"line":3,"column":13}}},"fnMap":{"0":{"name":"(anonymous_0)","decl":{"start":{"line":4,"column":1},"end":{"line":4,"column":7}},"loc":{"start":{"line":4,"column":19},"end":{"line":21,"column":2}}},"1":{"name":"(anonymous_1)","decl":{"start":{"line":23,"column":1},"end":{"line":23,"column":7}},"loc":{"start":{"line":23,"column":15},"end":{"line":36,"column":2}}},"2":{"name":"(anonymous_2)","decl":{"start":{"line":38,"column":1},"end":{"line":38,"column":7}},"loc":{"start":{"line":38,"column":15},"end":{"line":44,"column":2}}}},"branchMap":{},"s":{"0":0,"1":0,"2":1,"3":1},"f":{"0":0,"1":0,"2":1},"b":{}}
}
