TN:
SF:src\services\InterestPointService.ts
FN:8,(anonymous_1)
FN:10,(anonymous_2)
FN:13,(anonymous_3)
FN:14,(anonymous_4)
FN:17,(anonymous_5)
FN:23,(anonymous_6)
FN:48,(anonymous_7)
FN:54,(anonymous_8)
FN:75,(anonymous_9)
FN:91,(anonymous_10)
FNF:10
FNH:2
FNDA:0,(anonymous_1)
FNDA:0,(anonymous_2)
FNDA:0,(anonymous_3)
FNDA:0,(anonymous_4)
FNDA:0,(anonymous_5)
FNDA:4,(anonymous_6)
FNDA:0,(anonymous_7)
FNDA:0,(anonymous_8)
FNDA:1,(anonymous_9)
FNDA:0,(anonymous_10)
DA:1,1
DA:2,1
DA:3,1
DA:7,1
DA:9,0
DA:10,0
DA:11,0
DA:13,0
DA:15,0
DA:18,0
DA:24,4
DA:25,0
DA:27,4
DA:28,4
DA:29,4
DA:30,4
DA:31,4
DA:32,4
DA:33,0
DA:35,4
DA:36,4
DA:37,4
DA:38,4
DA:39,4
DA:41,4
DA:42,0
DA:44,4
DA:49,0
DA:50,0
DA:51,0
DA:52,0
DA:54,0
DA:55,0
DA:56,0
DA:58,0
DA:61,0
DA:76,1
DA:80,0
DA:81,1
DA:85,1
DA:87,1
DA:88,1
DA:92,0
DA:96,0
DA:97,0
DA:101,0
DA:103,0
DA:104,0
LF:48
LH:23
BRDA:24,0,0,0
BRDA:24,0,1,4
BRDA:24,1,0,4
BRDA:24,1,1,0
BRDA:32,2,0,0
BRDA:38,3,0,4
BRDA:41,4,0,0
BRDA:76,5,0,0
BRDA:76,5,1,1
BRDA:77,6,0,1
BRDA:77,6,1,0
BRDA:81,7,0,1
BRDA:82,8,0,1
BRDA:82,8,1,1
BRDA:92,9,0,0
BRDA:92,9,1,0
BRDA:93,10,0,0
BRDA:93,10,1,0
BRDA:97,11,0,0
BRDA:98,12,0,0
BRDA:98,12,1,0
BRF:21
BRH:8
end_of_record
TN:
SF:src\tests\mock\data-mock.ts
FN:4,(anonymous_0)
FN:23,(anonymous_1)
FN:38,(anonymous_2)
FNF:3
FNH:1
FNDA:0,(anonymous_0)
FNDA:0,(anonymous_1)
FNDA:1,(anonymous_2)
DA:3,1
DA:5,0
DA:24,0
DA:39,1
LF:4
LH:2
BRF:0
BRH:0
end_of_record
